{"/home/naji/www/bot-rer-a/build/api.js":{"path":"/home/naji/www/bot-rer-a/build/api.js","s":{"1":1,"2":1,"3":1,"4":3,"5":3,"6":3,"7":3,"8":3,"9":3,"10":1,"11":1,"12":1,"13":1,"14":0,"15":1,"16":1,"17":1,"18":0,"19":1,"20":1,"21":0,"22":1,"23":1,"24":1,"25":0,"26":1,"27":1,"28":1,"29":1,"30":1,"31":1,"32":1,"33":1,"34":1,"35":1,"36":1,"37":1,"38":1,"39":0,"40":1,"41":1,"42":0,"43":1,"44":1,"45":1,"46":1,"47":0,"48":1,"49":1,"50":0,"51":1,"52":3,"53":3,"54":3,"55":3,"56":3,"57":3,"58":3,"59":3,"60":3,"61":6,"62":6,"63":6,"64":144,"65":144,"66":334,"67":15,"68":144,"69":144,"70":6,"71":6,"72":3,"73":1,"74":2,"75":3,"76":2,"77":1,"78":3,"79":1,"80":0,"81":1,"82":1,"83":0,"84":1,"85":1,"86":1,"87":1,"88":1,"89":1,"90":1,"91":1,"92":1,"93":1,"94":1,"95":1,"96":1,"97":1,"98":1},"b":{"1":[3,3],"2":[3,0],"3":[1,0],"4":[0,1],"5":[0,1],"6":[0,1],"7":[0,1],"8":[1,0,0],"9":[0,1],"10":[1,0],"11":[1,1],"12":[1,0],"13":[1,0],"14":[0,1],"15":[1,0],"16":[0,1],"17":[1,0],"18":[3,3],"19":[15,319],"20":[3,3],"21":[1,2],"22":[2,1],"23":[0,1],"24":[1,0],"25":[1,0]},"f":{"1":1,"2":1,"3":1,"4":1,"5":1,"6":1,"7":1,"8":1,"9":1,"10":1,"11":1,"12":3,"13":3,"14":6,"15":144,"16":1,"17":1,"18":1},"fnMap":{"1":{"name":"(anonymous_1)","line":3,"loc":{"start":{"line":3,"column":19},"end":{"line":3,"column":31}}},"2":{"name":"defineProperties","line":3,"loc":{"start":{"line":3,"column":33},"end":{"line":3,"column":74}}},"3":{"name":"(anonymous_3)","line":3,"loc":{"start":{"line":3,"column":357},"end":{"line":3,"column":405}}},"4":{"name":"_classCallCheck","line":5,"loc":{"start":{"line":5,"column":0},"end":{"line":5,"column":48}}},"5":{"name":"_possibleConstructorReturn","line":7,"loc":{"start":{"line":7,"column":0},"end":{"line":7,"column":48}}},"6":{"name":"_inherits","line":9,"loc":{"start":{"line":9,"column":0},"end":{"line":9,"column":41}}},"7":{"name":"(anonymous_7)","line":16,"loc":{"start":{"line":16,"column":14},"end":{"line":16,"column":46}}},"8":{"name":"fetchStations","line":21,"loc":{"start":{"line":21,"column":11},"end":{"line":21,"column":36}}},"9":{"name":"(anonymous_9)","line":23,"loc":{"start":{"line":23,"column":98},"end":{"line":23,"column":135}}},"10":{"name":"fetchDestinations","line":38,"loc":{"start":{"line":38,"column":11},"end":{"line":38,"column":40}}},"11":{"name":"(anonymous_11)","line":40,"loc":{"start":{"line":40,"column":64},"end":{"line":40,"column":101}}},"12":{"name":"getSchedule","line":55,"loc":{"start":{"line":55,"column":11},"end":{"line":55,"column":53}}},"13":{"name":"(anonymous_13)","line":65,"loc":{"start":{"line":65,"column":25},"end":{"line":65,"column":52}}},"14":{"name":"(anonymous_14)","line":66,"loc":{"start":{"line":66,"column":40},"end":{"line":66,"column":64}}},"15":{"name":"(anonymous_15)","line":70,"loc":{"start":{"line":70,"column":43},"end":{"line":70,"column":69}}},"16":{"name":"(anonymous_16)","line":104,"loc":{"start":{"line":104,"column":11},"end":{"line":104,"column":48}}},"17":{"name":"RATPApi","line":123,"loc":{"start":{"line":123,"column":2},"end":{"line":123,"column":36}}},"18":{"name":"(anonymous_18)","line":134,"loc":{"start":{"line":134,"column":29},"end":{"line":134,"column":41}}}},"statementMap":{"1":{"start":{"line":3,"column":0},"end":{"line":3,"column":564}},"2":{"start":{"line":3,"column":33},"end":{"line":3,"column":349}},"3":{"start":{"line":3,"column":76},"end":{"line":3,"column":347}},"4":{"start":{"line":3,"column":117},"end":{"line":3,"column":143}},"5":{"start":{"line":3,"column":144},"end":{"line":3,"column":199}},"6":{"start":{"line":3,"column":200},"end":{"line":3,"column":231}},"7":{"start":{"line":3,"column":232},"end":{"line":3,"column":286}},"8":{"start":{"line":3,"column":259},"end":{"line":3,"column":286}},"9":{"start":{"line":3,"column":287},"end":{"line":3,"column":345}},"10":{"start":{"line":3,"column":350},"end":{"line":3,"column":559}},"11":{"start":{"line":3,"column":407},"end":{"line":3,"column":475}},"12":{"start":{"line":3,"column":423},"end":{"line":3,"column":475}},"13":{"start":{"line":3,"column":476},"end":{"line":3,"column":536}},"14":{"start":{"line":3,"column":493},"end":{"line":3,"column":536}},"15":{"start":{"line":3,"column":537},"end":{"line":3,"column":556}},"16":{"start":{"line":5,"column":0},"end":{"line":5,"column":153}},"17":{"start":{"line":5,"column":50},"end":{"line":5,"column":151}},"18":{"start":{"line":5,"column":92},"end":{"line":5,"column":149}},"19":{"start":{"line":7,"column":0},"end":{"line":7,"column":240}},"20":{"start":{"line":7,"column":50},"end":{"line":7,"column":151}},"21":{"start":{"line":7,"column":63},"end":{"line":7,"column":149}},"22":{"start":{"line":7,"column":152},"end":{"line":7,"column":238}},"23":{"start":{"line":9,"column":0},"end":{"line":9,"column":494}},"24":{"start":{"line":9,"column":43},"end":{"line":9,"column":208}},"25":{"start":{"line":9,"column":106},"end":{"line":9,"column":206}},"26":{"start":{"line":9,"column":209},"end":{"line":9,"column":373}},"27":{"start":{"line":9,"column":374},"end":{"line":9,"column":492}},"28":{"start":{"line":9,"column":390},"end":{"line":9,"column":492}},"29":{"start":{"line":11,"column":0},"end":{"line":11,"column":33}},"30":{"start":{"line":12,"column":0},"end":{"line":12,"column":26}},"31":{"start":{"line":13,"column":0},"end":{"line":13,"column":54}},"32":{"start":{"line":14,"column":0},"end":{"line":14,"column":31}},"33":{"start":{"line":16,"column":0},"end":{"line":144,"column":23}},"34":{"start":{"line":17,"column":2},"end":{"line":17,"column":43}},"35":{"start":{"line":19,"column":2},"end":{"line":121,"column":6}},"36":{"start":{"line":22,"column":6},"end":{"line":22,"column":22}},"37":{"start":{"line":23,"column":6},"end":{"line":34,"column":9}},"38":{"start":{"line":24,"column":8},"end":{"line":26,"column":9}},"39":{"start":{"line":25,"column":10},"end":{"line":25,"column":22}},"40":{"start":{"line":28,"column":8},"end":{"line":32,"column":9}},"41":{"start":{"line":29,"column":10},"end":{"line":29,"column":49}},"42":{"start":{"line":31,"column":10},"end":{"line":31,"column":48}},"43":{"start":{"line":33,"column":8},"end":{"line":33,"column":21}},"44":{"start":{"line":39,"column":6},"end":{"line":39,"column":22}},"45":{"start":{"line":40,"column":6},"end":{"line":51,"column":9}},"46":{"start":{"line":41,"column":8},"end":{"line":43,"column":9}},"47":{"start":{"line":42,"column":10},"end":{"line":42,"column":22}},"48":{"start":{"line":45,"column":8},"end":{"line":49,"column":9}},"49":{"start":{"line":46,"column":10},"end":{"line":46,"column":104}},"50":{"start":{"line":48,"column":10},"end":{"line":48,"column":44}},"51":{"start":{"line":50,"column":8},"end":{"line":50,"column":21}},"52":{"start":{"line":57,"column":6},"end":{"line":57,"column":79}},"53":{"start":{"line":58,"column":6},"end":{"line":58,"column":84}},"54":{"start":{"line":59,"column":6},"end":{"line":59,"column":22}},"55":{"start":{"line":60,"column":6},"end":{"line":60,"column":16}},"56":{"start":{"line":61,"column":6},"end":{"line":61,"column":20}},"57":{"start":{"line":62,"column":6},"end":{"line":62,"column":31}},"58":{"start":{"line":63,"column":6},"end":{"line":63,"column":36}},"59":{"start":{"line":65,"column":6},"end":{"line":119,"column":9}},"60":{"start":{"line":66,"column":8},"end":{"line":99,"column":11}},"61":{"start":{"line":67,"column":10},"end":{"line":67,"column":38}},"62":{"start":{"line":68,"column":10},"end":{"line":68,"column":101}},"63":{"start":{"line":70,"column":10},"end":{"line":82,"column":13}},"64":{"start":{"line":71,"column":12},"end":{"line":71,"column":22}},"65":{"start":{"line":73,"column":12},"end":{"line":77,"column":13}},"66":{"start":{"line":74,"column":14},"end":{"line":76,"column":15}},"67":{"start":{"line":75,"column":16},"end":{"line":75,"column":24}},"68":{"start":{"line":79,"column":12},"end":{"line":79,"column":42}},"69":{"start":{"line":81,"column":12},"end":{"line":81,"column":29}},"70":{"start":{"line":84,"column":10},"end":{"line":84,"column":60}},"71":{"start":{"line":86,"column":10},"end":{"line":98,"column":11}},"72":{"start":{"line":87,"column":12},"end":{"line":91,"column":13}},"73":{"start":{"line":88,"column":14},"end":{"line":88,"column":44}},"74":{"start":{"line":90,"column":14},"end":{"line":90,"column":39}},"75":{"start":{"line":93,"column":12},"end":{"line":97,"column":13}},"76":{"start":{"line":94,"column":14},"end":{"line":94,"column":57}},"77":{"start":{"line":96,"column":14},"end":{"line":96,"column":52}},"78":{"start":{"line":101,"column":8},"end":{"line":118,"column":11}},"79":{"start":{"line":105,"column":10},"end":{"line":107,"column":11}},"80":{"start":{"line":106,"column":12},"end":{"line":106,"column":26}},"81":{"start":{"line":109,"column":10},"end":{"line":117,"column":11}},"82":{"start":{"line":110,"column":12},"end":{"line":114,"column":15}},"83":{"start":{"line":116,"column":12},"end":{"line":116,"column":53}},"84":{"start":{"line":123,"column":2},"end":{"line":141,"column":3}},"85":{"start":{"line":124,"column":4},"end":{"line":124,"column":35}},"86":{"start":{"line":126,"column":4},"end":{"line":126,"column":115}},"87":{"start":{"line":128,"column":4},"end":{"line":128,"column":32}},"88":{"start":{"line":129,"column":4},"end":{"line":129,"column":22}},"89":{"start":{"line":130,"column":4},"end":{"line":130,"column":28}},"90":{"start":{"line":131,"column":4},"end":{"line":131,"column":24}},"91":{"start":{"line":133,"column":4},"end":{"line":133,"column":21}},"92":{"start":{"line":134,"column":4},"end":{"line":136,"column":7}},"93":{"start":{"line":135,"column":6},"end":{"line":135,"column":25}},"94":{"start":{"line":138,"column":4},"end":{"line":138,"column":30}},"95":{"start":{"line":139,"column":4},"end":{"line":139,"column":26}},"96":{"start":{"line":140,"column":4},"end":{"line":140,"column":17}},"97":{"start":{"line":143,"column":2},"end":{"line":143,"column":17}},"98":{"start":{"line":146,"column":0},"end":{"line":146,"column":25}}},"branchMap":{"1":{"line":3,"type":"binary-expr","locations":[{"start":{"line":3,"column":168},"end":{"line":3,"column":189}},{"start":{"line":3,"column":193},"end":{"line":3,"column":198}}]},"2":{"line":3,"type":"if","locations":[{"start":{"line":3,"column":232},"end":{"line":3,"column":232}},{"start":{"line":3,"column":232},"end":{"line":3,"column":232}}]},"3":{"line":3,"type":"if","locations":[{"start":{"line":3,"column":407},"end":{"line":3,"column":407}},{"start":{"line":3,"column":407},"end":{"line":3,"column":407}}]},"4":{"line":3,"type":"if","locations":[{"start":{"line":3,"column":476},"end":{"line":3,"column":476}},{"start":{"line":3,"column":476},"end":{"line":3,"column":476}}]},"5":{"line":5,"type":"if","locations":[{"start":{"line":5,"column":50},"end":{"line":5,"column":50}},{"start":{"line":5,"column":50},"end":{"line":5,"column":50}}]},"6":{"line":7,"type":"if","locations":[{"start":{"line":7,"column":50},"end":{"line":7,"column":50}},{"start":{"line":7,"column":50},"end":{"line":7,"column":50}}]},"7":{"line":7,"type":"cond-expr","locations":[{"start":{"line":7,"column":226},"end":{"line":7,"column":230}},{"start":{"line":7,"column":233},"end":{"line":7,"column":237}}]},"8":{"line":7,"type":"binary-expr","locations":[{"start":{"line":7,"column":159},"end":{"line":7,"column":163}},{"start":{"line":7,"column":168},"end":{"line":7,"column":192}},{"start":{"line":7,"column":196},"end":{"line":7,"column":222}}]},"9":{"line":9,"type":"if","locations":[{"start":{"line":9,"column":43},"end":{"line":9,"column":43}},{"start":{"line":9,"column":43},"end":{"line":9,"column":43}}]},"10":{"line":9,"type":"binary-expr","locations":[{"start":{"line":9,"column":47},"end":{"line":9,"column":79}},{"start":{"line":9,"column":83},"end":{"line":9,"column":102}}]},"11":{"line":9,"type":"binary-expr","locations":[{"start":{"line":9,"column":244},"end":{"line":9,"column":254}},{"start":{"line":9,"column":258},"end":{"line":9,"column":278}}]},"12":{"line":9,"type":"if","locations":[{"start":{"line":9,"column":374},"end":{"line":9,"column":374}},{"start":{"line":9,"column":374},"end":{"line":9,"column":374}}]},"13":{"line":9,"type":"cond-expr","locations":[{"start":{"line":9,"column":414},"end":{"line":9,"column":457}},{"start":{"line":9,"column":460},"end":{"line":9,"column":491}}]},"14":{"line":24,"type":"if","locations":[{"start":{"line":24,"column":8},"end":{"line":24,"column":8}},{"start":{"line":24,"column":8},"end":{"line":24,"column":8}}]},"15":{"line":28,"type":"if","locations":[{"start":{"line":28,"column":8},"end":{"line":28,"column":8}},{"start":{"line":28,"column":8},"end":{"line":28,"column":8}}]},"16":{"line":41,"type":"if","locations":[{"start":{"line":41,"column":8},"end":{"line":41,"column":8}},{"start":{"line":41,"column":8},"end":{"line":41,"column":8}}]},"17":{"line":45,"type":"if","locations":[{"start":{"line":45,"column":8},"end":{"line":45,"column":8}},{"start":{"line":45,"column":8},"end":{"line":45,"column":8}}]},"18":{"line":68,"type":"cond-expr","locations":[{"start":{"line":68,"column":41},"end":{"line":68,"column":71}},{"start":{"line":68,"column":74},"end":{"line":68,"column":100}}]},"19":{"line":74,"type":"if","locations":[{"start":{"line":74,"column":14},"end":{"line":74,"column":14}},{"start":{"line":74,"column":14},"end":{"line":74,"column":14}}]},"20":{"line":86,"type":"if","locations":[{"start":{"line":86,"column":10},"end":{"line":86,"column":10}},{"start":{"line":86,"column":10},"end":{"line":86,"column":10}}]},"21":{"line":87,"type":"if","locations":[{"start":{"line":87,"column":12},"end":{"line":87,"column":12}},{"start":{"line":87,"column":12},"end":{"line":87,"column":12}}]},"22":{"line":93,"type":"if","locations":[{"start":{"line":93,"column":12},"end":{"line":93,"column":12}},{"start":{"line":93,"column":12},"end":{"line":93,"column":12}}]},"23":{"line":105,"type":"if","locations":[{"start":{"line":105,"column":10},"end":{"line":105,"column":10}},{"start":{"line":105,"column":10},"end":{"line":105,"column":10}}]},"24":{"line":109,"type":"if","locations":[{"start":{"line":109,"column":10},"end":{"line":109,"column":10}},{"start":{"line":109,"column":10},"end":{"line":109,"column":10}}]},"25":{"line":126,"type":"binary-expr","locations":[{"start":{"line":126,"column":50},"end":{"line":126,"column":67}},{"start":{"line":126,"column":71},"end":{"line":126,"column":101}}]}}}}