{"/home/naji/www/bot-rer-a/build/api.js":{"path":"/home/naji/www/bot-rer-a/build/api.js","s":{"1":1,"2":1,"3":1,"4":2,"5":2,"6":2,"7":2,"8":2,"9":2,"10":1,"11":1,"12":1,"13":1,"14":0,"15":1,"16":1,"17":1,"18":0,"19":1,"20":1,"21":0,"22":1,"23":1,"24":1,"25":0,"26":1,"27":1,"28":1,"29":1,"30":1,"31":1,"32":1,"33":1,"34":1,"35":1,"36":1,"37":1,"38":1,"39":0,"40":1,"41":1,"42":0,"43":1,"44":1,"45":1,"46":1,"47":0,"48":1,"49":1,"50":0,"51":1,"52":1,"53":1,"54":1,"55":1,"56":1,"57":1,"58":1,"59":1,"60":1,"61":1,"62":1,"63":1,"64":1,"65":1,"66":1},"b":{"1":[2,2],"2":[2,0],"3":[1,0],"4":[0,1],"5":[0,1],"6":[0,1],"7":[0,1],"8":[1,0,0],"9":[0,1],"10":[1,0],"11":[1,1],"12":[1,0],"13":[1,0],"14":[0,1],"15":[1,0],"16":[0,1],"17":[1,0],"18":[1,0]},"f":{"1":1,"2":1,"3":1,"4":1,"5":1,"6":1,"7":1,"8":1,"9":1,"10":1,"11":1,"12":1,"13":1},"fnMap":{"1":{"name":"(anonymous_1)","line":3,"loc":{"start":{"line":3,"column":19},"end":{"line":3,"column":31}}},"2":{"name":"defineProperties","line":3,"loc":{"start":{"line":3,"column":33},"end":{"line":3,"column":74}}},"3":{"name":"(anonymous_3)","line":3,"loc":{"start":{"line":3,"column":357},"end":{"line":3,"column":405}}},"4":{"name":"_classCallCheck","line":5,"loc":{"start":{"line":5,"column":0},"end":{"line":5,"column":48}}},"5":{"name":"_possibleConstructorReturn","line":7,"loc":{"start":{"line":7,"column":0},"end":{"line":7,"column":48}}},"6":{"name":"_inherits","line":9,"loc":{"start":{"line":9,"column":0},"end":{"line":9,"column":41}}},"7":{"name":"(anonymous_7)","line":16,"loc":{"start":{"line":16,"column":14},"end":{"line":16,"column":46}}},"8":{"name":"fetchStations","line":21,"loc":{"start":{"line":21,"column":11},"end":{"line":21,"column":36}}},"9":{"name":"(anonymous_9)","line":23,"loc":{"start":{"line":23,"column":98},"end":{"line":23,"column":135}}},"10":{"name":"fetchDestinations","line":38,"loc":{"start":{"line":38,"column":11},"end":{"line":38,"column":40}}},"11":{"name":"(anonymous_11)","line":40,"loc":{"start":{"line":40,"column":64},"end":{"line":40,"column":101}}},"12":{"name":"RATPApi","line":59,"loc":{"start":{"line":59,"column":2},"end":{"line":59,"column":36}}},"13":{"name":"(anonymous_13)","line":70,"loc":{"start":{"line":70,"column":29},"end":{"line":70,"column":41}}}},"statementMap":{"1":{"start":{"line":3,"column":0},"end":{"line":3,"column":564}},"2":{"start":{"line":3,"column":33},"end":{"line":3,"column":349}},"3":{"start":{"line":3,"column":76},"end":{"line":3,"column":347}},"4":{"start":{"line":3,"column":117},"end":{"line":3,"column":143}},"5":{"start":{"line":3,"column":144},"end":{"line":3,"column":199}},"6":{"start":{"line":3,"column":200},"end":{"line":3,"column":231}},"7":{"start":{"line":3,"column":232},"end":{"line":3,"column":286}},"8":{"start":{"line":3,"column":259},"end":{"line":3,"column":286}},"9":{"start":{"line":3,"column":287},"end":{"line":3,"column":345}},"10":{"start":{"line":3,"column":350},"end":{"line":3,"column":559}},"11":{"start":{"line":3,"column":407},"end":{"line":3,"column":475}},"12":{"start":{"line":3,"column":423},"end":{"line":3,"column":475}},"13":{"start":{"line":3,"column":476},"end":{"line":3,"column":536}},"14":{"start":{"line":3,"column":493},"end":{"line":3,"column":536}},"15":{"start":{"line":3,"column":537},"end":{"line":3,"column":556}},"16":{"start":{"line":5,"column":0},"end":{"line":5,"column":153}},"17":{"start":{"line":5,"column":50},"end":{"line":5,"column":151}},"18":{"start":{"line":5,"column":92},"end":{"line":5,"column":149}},"19":{"start":{"line":7,"column":0},"end":{"line":7,"column":240}},"20":{"start":{"line":7,"column":50},"end":{"line":7,"column":151}},"21":{"start":{"line":7,"column":63},"end":{"line":7,"column":149}},"22":{"start":{"line":7,"column":152},"end":{"line":7,"column":238}},"23":{"start":{"line":9,"column":0},"end":{"line":9,"column":494}},"24":{"start":{"line":9,"column":43},"end":{"line":9,"column":208}},"25":{"start":{"line":9,"column":106},"end":{"line":9,"column":206}},"26":{"start":{"line":9,"column":209},"end":{"line":9,"column":373}},"27":{"start":{"line":9,"column":374},"end":{"line":9,"column":492}},"28":{"start":{"line":9,"column":390},"end":{"line":9,"column":492}},"29":{"start":{"line":11,"column":0},"end":{"line":11,"column":33}},"30":{"start":{"line":12,"column":0},"end":{"line":12,"column":26}},"31":{"start":{"line":13,"column":0},"end":{"line":13,"column":54}},"32":{"start":{"line":14,"column":0},"end":{"line":14,"column":31}},"33":{"start":{"line":16,"column":0},"end":{"line":80,"column":23}},"34":{"start":{"line":17,"column":2},"end":{"line":17,"column":43}},"35":{"start":{"line":19,"column":2},"end":{"line":57,"column":6}},"36":{"start":{"line":22,"column":6},"end":{"line":22,"column":22}},"37":{"start":{"line":23,"column":6},"end":{"line":34,"column":9}},"38":{"start":{"line":24,"column":8},"end":{"line":26,"column":9}},"39":{"start":{"line":25,"column":10},"end":{"line":25,"column":22}},"40":{"start":{"line":28,"column":8},"end":{"line":32,"column":9}},"41":{"start":{"line":29,"column":10},"end":{"line":29,"column":49}},"42":{"start":{"line":31,"column":10},"end":{"line":31,"column":48}},"43":{"start":{"line":33,"column":8},"end":{"line":33,"column":21}},"44":{"start":{"line":39,"column":6},"end":{"line":39,"column":22}},"45":{"start":{"line":40,"column":6},"end":{"line":51,"column":9}},"46":{"start":{"line":41,"column":8},"end":{"line":43,"column":9}},"47":{"start":{"line":42,"column":10},"end":{"line":42,"column":22}},"48":{"start":{"line":45,"column":8},"end":{"line":49,"column":9}},"49":{"start":{"line":46,"column":10},"end":{"line":46,"column":104}},"50":{"start":{"line":48,"column":10},"end":{"line":48,"column":44}},"51":{"start":{"line":50,"column":8},"end":{"line":50,"column":21}},"52":{"start":{"line":59,"column":2},"end":{"line":77,"column":3}},"53":{"start":{"line":60,"column":4},"end":{"line":60,"column":35}},"54":{"start":{"line":62,"column":4},"end":{"line":62,"column":115}},"55":{"start":{"line":64,"column":4},"end":{"line":64,"column":32}},"56":{"start":{"line":65,"column":4},"end":{"line":65,"column":22}},"57":{"start":{"line":66,"column":4},"end":{"line":66,"column":28}},"58":{"start":{"line":67,"column":4},"end":{"line":67,"column":24}},"59":{"start":{"line":69,"column":4},"end":{"line":69,"column":21}},"60":{"start":{"line":70,"column":4},"end":{"line":72,"column":7}},"61":{"start":{"line":71,"column":6},"end":{"line":71,"column":25}},"62":{"start":{"line":74,"column":4},"end":{"line":74,"column":30}},"63":{"start":{"line":75,"column":4},"end":{"line":75,"column":26}},"64":{"start":{"line":76,"column":4},"end":{"line":76,"column":17}},"65":{"start":{"line":79,"column":2},"end":{"line":79,"column":17}},"66":{"start":{"line":82,"column":0},"end":{"line":82,"column":25}}},"branchMap":{"1":{"line":3,"type":"binary-expr","locations":[{"start":{"line":3,"column":168},"end":{"line":3,"column":189}},{"start":{"line":3,"column":193},"end":{"line":3,"column":198}}]},"2":{"line":3,"type":"if","locations":[{"start":{"line":3,"column":232},"end":{"line":3,"column":232}},{"start":{"line":3,"column":232},"end":{"line":3,"column":232}}]},"3":{"line":3,"type":"if","locations":[{"start":{"line":3,"column":407},"end":{"line":3,"column":407}},{"start":{"line":3,"column":407},"end":{"line":3,"column":407}}]},"4":{"line":3,"type":"if","locations":[{"start":{"line":3,"column":476},"end":{"line":3,"column":476}},{"start":{"line":3,"column":476},"end":{"line":3,"column":476}}]},"5":{"line":5,"type":"if","locations":[{"start":{"line":5,"column":50},"end":{"line":5,"column":50}},{"start":{"line":5,"column":50},"end":{"line":5,"column":50}}]},"6":{"line":7,"type":"if","locations":[{"start":{"line":7,"column":50},"end":{"line":7,"column":50}},{"start":{"line":7,"column":50},"end":{"line":7,"column":50}}]},"7":{"line":7,"type":"cond-expr","locations":[{"start":{"line":7,"column":226},"end":{"line":7,"column":230}},{"start":{"line":7,"column":233},"end":{"line":7,"column":237}}]},"8":{"line":7,"type":"binary-expr","locations":[{"start":{"line":7,"column":159},"end":{"line":7,"column":163}},{"start":{"line":7,"column":168},"end":{"line":7,"column":192}},{"start":{"line":7,"column":196},"end":{"line":7,"column":222}}]},"9":{"line":9,"type":"if","locations":[{"start":{"line":9,"column":43},"end":{"line":9,"column":43}},{"start":{"line":9,"column":43},"end":{"line":9,"column":43}}]},"10":{"line":9,"type":"binary-expr","locations":[{"start":{"line":9,"column":47},"end":{"line":9,"column":79}},{"start":{"line":9,"column":83},"end":{"line":9,"column":102}}]},"11":{"line":9,"type":"binary-expr","locations":[{"start":{"line":9,"column":244},"end":{"line":9,"column":254}},{"start":{"line":9,"column":258},"end":{"line":9,"column":278}}]},"12":{"line":9,"type":"if","locations":[{"start":{"line":9,"column":374},"end":{"line":9,"column":374}},{"start":{"line":9,"column":374},"end":{"line":9,"column":374}}]},"13":{"line":9,"type":"cond-expr","locations":[{"start":{"line":9,"column":414},"end":{"line":9,"column":457}},{"start":{"line":9,"column":460},"end":{"line":9,"column":491}}]},"14":{"line":24,"type":"if","locations":[{"start":{"line":24,"column":8},"end":{"line":24,"column":8}},{"start":{"line":24,"column":8},"end":{"line":24,"column":8}}]},"15":{"line":28,"type":"if","locations":[{"start":{"line":28,"column":8},"end":{"line":28,"column":8}},{"start":{"line":28,"column":8},"end":{"line":28,"column":8}}]},"16":{"line":41,"type":"if","locations":[{"start":{"line":41,"column":8},"end":{"line":41,"column":8}},{"start":{"line":41,"column":8},"end":{"line":41,"column":8}}]},"17":{"line":45,"type":"if","locations":[{"start":{"line":45,"column":8},"end":{"line":45,"column":8}},{"start":{"line":45,"column":8},"end":{"line":45,"column":8}}]},"18":{"line":62,"type":"binary-expr","locations":[{"start":{"line":62,"column":50},"end":{"line":62,"column":67}},{"start":{"line":62,"column":71},"end":{"line":62,"column":101}}]}}}}