TN:
SF:/home/naji/www/bot-rer-a/build/api.js
FN:3,(anonymous_1)
FN:3,defineProperties
FN:3,(anonymous_3)
FN:5,_classCallCheck
FN:7,_possibleConstructorReturn
FN:9,_inherits
FN:16,(anonymous_7)
FN:21,fetchStations
FN:23,(anonymous_9)
FN:38,fetchDestinations
FN:40,(anonymous_11)
FN:55,getSchedule
FN:65,(anonymous_13)
FN:66,(anonymous_14)
FN:70,(anonymous_15)
FN:104,(anonymous_16)
FN:123,RATPApi
FN:134,(anonymous_18)
FNF:18
FNH:18
FNDA:1,(anonymous_1)
FNDA:1,defineProperties
FNDA:1,(anonymous_3)
FNDA:1,_classCallCheck
FNDA:1,_possibleConstructorReturn
FNDA:1,_inherits
FNDA:1,(anonymous_7)
FNDA:1,fetchStations
FNDA:1,(anonymous_9)
FNDA:1,fetchDestinations
FNDA:1,(anonymous_11)
FNDA:3,getSchedule
FNDA:3,(anonymous_13)
FNDA:6,(anonymous_14)
FNDA:144,(anonymous_15)
FNDA:1,(anonymous_16)
FNDA:1,RATPApi
FNDA:1,(anonymous_18)
DA:3,3
DA:5,1
DA:7,1
DA:9,1
DA:11,1
DA:12,1
DA:13,1
DA:14,1
DA:16,1
DA:17,1
DA:19,1
DA:22,1
DA:23,1
DA:24,1
DA:25,0
DA:28,1
DA:29,1
DA:31,0
DA:33,1
DA:39,1
DA:40,1
DA:41,1
DA:42,0
DA:45,1
DA:46,1
DA:48,0
DA:50,1
DA:57,3
DA:58,3
DA:59,3
DA:60,3
DA:61,3
DA:62,3
DA:63,3
DA:65,3
DA:66,3
DA:67,6
DA:68,6
DA:70,6
DA:71,144
DA:73,144
DA:74,334
DA:75,15
DA:79,144
DA:81,144
DA:84,6
DA:86,6
DA:87,3
DA:88,1
DA:90,2
DA:93,3
DA:94,2
DA:96,1
DA:101,3
DA:105,1
DA:106,0
DA:109,1
DA:110,1
DA:116,0
DA:123,1
DA:124,1
DA:126,1
DA:128,1
DA:129,1
DA:130,1
DA:131,1
DA:133,1
DA:134,1
DA:135,1
DA:138,1
DA:139,1
DA:140,1
DA:143,1
DA:146,1
LF:74
LH:68
BRDA:3,1,0,3
BRDA:3,1,1,3
BRDA:3,2,0,3
BRDA:3,2,1,0
BRDA:3,3,0,1
BRDA:3,3,1,0
BRDA:3,4,0,0
BRDA:3,4,1,1
BRDA:5,5,0,0
BRDA:5,5,1,1
BRDA:7,6,0,0
BRDA:7,6,1,1
BRDA:7,7,0,0
BRDA:7,7,1,1
BRDA:7,8,0,1
BRDA:7,8,1,0
BRDA:7,8,2,0
BRDA:9,9,0,0
BRDA:9,9,1,1
BRDA:9,10,0,1
BRDA:9,10,1,0
BRDA:9,11,0,1
BRDA:9,11,1,1
BRDA:9,12,0,1
BRDA:9,12,1,0
BRDA:9,13,0,1
BRDA:9,13,1,0
BRDA:24,14,0,0
BRDA:24,14,1,1
BRDA:28,15,0,1
BRDA:28,15,1,0
BRDA:41,16,0,0
BRDA:41,16,1,1
BRDA:45,17,0,1
BRDA:45,17,1,0
BRDA:68,18,0,3
BRDA:68,18,1,3
BRDA:74,19,0,15
BRDA:74,19,1,319
BRDA:86,20,0,3
BRDA:86,20,1,3
BRDA:87,21,0,1
BRDA:87,21,1,2
BRDA:93,22,0,2
BRDA:93,22,1,1
BRDA:105,23,0,0
BRDA:105,23,1,1
BRDA:109,24,0,1
BRDA:109,24,1,0
BRDA:126,25,0,1
BRDA:126,25,1,0
BRF:51
BRH:32
end_of_record
