TN:
SF:/home/naji/www/bot-rer-a/build/api.js
FN:3,(anonymous_1)
FN:3,defineProperties
FN:3,(anonymous_3)
FN:5,_classCallCheck
FN:7,_possibleConstructorReturn
FN:9,_inherits
FN:16,(anonymous_7)
FN:21,fetchStations
FN:23,(anonymous_9)
FN:38,fetchDestinations
FN:40,(anonymous_11)
FN:59,RATPApi
FN:70,(anonymous_13)
FNF:13
FNH:13
FNDA:1,(anonymous_1)
FNDA:1,defineProperties
FNDA:1,(anonymous_3)
FNDA:1,_classCallCheck
FNDA:1,_possibleConstructorReturn
FNDA:1,_inherits
FNDA:1,(anonymous_7)
FNDA:1,fetchStations
FNDA:1,(anonymous_9)
FNDA:1,fetchDestinations
FNDA:1,(anonymous_11)
FNDA:1,RATPApi
FNDA:1,(anonymous_13)
DA:3,2
DA:5,1
DA:7,1
DA:9,1
DA:11,1
DA:12,1
DA:13,1
DA:14,1
DA:16,1
DA:17,1
DA:19,1
DA:22,1
DA:23,1
DA:24,1
DA:25,0
DA:28,1
DA:29,1
DA:31,0
DA:33,1
DA:39,1
DA:40,1
DA:41,1
DA:42,0
DA:45,1
DA:46,1
DA:48,0
DA:50,1
DA:59,1
DA:60,1
DA:62,1
DA:64,1
DA:65,1
DA:66,1
DA:67,1
DA:69,1
DA:70,1
DA:71,1
DA:74,1
DA:75,1
DA:76,1
DA:79,1
DA:82,1
LF:42
LH:38
BRDA:3,1,0,2
BRDA:3,1,1,2
BRDA:3,2,0,2
BRDA:3,2,1,0
BRDA:3,3,0,1
BRDA:3,3,1,0
BRDA:3,4,0,0
BRDA:3,4,1,1
BRDA:5,5,0,0
BRDA:5,5,1,1
BRDA:7,6,0,0
BRDA:7,6,1,1
BRDA:7,7,0,0
BRDA:7,7,1,1
BRDA:7,8,0,1
BRDA:7,8,1,0
BRDA:7,8,2,0
BRDA:9,9,0,0
BRDA:9,9,1,1
BRDA:9,10,0,1
BRDA:9,10,1,0
BRDA:9,11,0,1
BRDA:9,11,1,1
BRDA:9,12,0,1
BRDA:9,12,1,0
BRDA:9,13,0,1
BRDA:9,13,1,0
BRDA:24,14,0,0
BRDA:24,14,1,1
BRDA:28,15,0,1
BRDA:28,15,1,0
BRDA:41,16,0,0
BRDA:41,16,1,1
BRDA:45,17,0,1
BRDA:45,17,1,0
BRDA:62,18,0,1
BRDA:62,18,1,0
BRF:37
BRH:20
end_of_record
